2023-01-08 18:29:19,826 - Adaptor started the connection to broker and is listening
2023-01-08 18:31:10,370 - Received a message by topic UPB/Zeus
2023-01-08 18:31:10,395 - Data timestamp is NOW
2023-01-08 18:31:10,396 - UPB.Zeus.BAT 49
2023-01-08 18:31:10,396 - UPB.Zeus.HUMID 52
2023-01-08 18:31:10,396 - UPB.Zeus.TMP 18.1
2023-01-08 18:31:11,392 - Received a message by topic Dorinel/RPi_3
2023-01-08 18:31:11,392 - Data timestamp is 2023-01-08T20:31:11+0200
2023-01-08 18:31:11,392 - Dorinel.RPi_3.BAT 17
2023-01-08 18:31:11,392 - Dorinel.RPi_3.HUMID 66
2023-01-08 18:31:11,392 - Dorinel.RPi_3.TMP 24.1
2023-01-08 18:31:11,392 - Dorinel.RPi_3.timestamp 2023-01-08T20:31:11+0200
2023-01-08 18:31:12,395 - Received a message by topic UPB/RPi_3
2023-01-08 18:31:12,395 - Data timestamp is 2023-01-08T20:31:12+0200
2023-01-08 18:31:12,395 - UPB.RPi_3.BAT 57
2023-01-08 18:31:12,395 - UPB.RPi_3.HUMID 70
2023-01-08 18:31:12,395 - UPB.RPi_3.TMP 18.7
2023-01-08 18:31:12,395 - UPB.RPi_3.timestamp 2023-01-08T20:31:12+0200
2023-01-08 18:31:13,397 - Received a message by topic Dorinel/Zeus
2023-01-08 18:31:13,397 - Data timestamp is NOW
2023-01-08 18:31:13,397 - Dorinel.Zeus.BAT 94
2023-01-08 18:31:13,397 - Dorinel.Zeus.HUMID 44
2023-01-08 18:31:13,397 - Dorinel.Zeus.TMP 19.3
2023-01-08 18:31:14,399 - Received a message by topic UPB/RPi_3
2023-01-08 18:31:14,399 - Data timestamp is 2023-01-08T20:31:14+0200
2023-01-08 18:31:14,399 - UPB.RPi_3.BAT 58
2023-01-08 18:31:14,399 - UPB.RPi_3.HUMID 60
2023-01-08 18:31:14,399 - UPB.RPi_3.TMP 25.1
2023-01-08 18:31:14,399 - UPB.RPi_3.timestamp 2023-01-08T20:31:14+0200
2023-01-08 18:31:15,400 - Received a message by topic Dorinel/RPi_3
2023-01-08 18:31:15,400 - Data timestamp is NOW
2023-01-08 18:31:15,400 - Dorinel.RPi_3.BAT 99
2023-01-08 18:31:15,400 - Dorinel.RPi_3.HUMID 50
2023-01-08 18:31:15,400 - Dorinel.RPi_3.TMP 25.6
2023-01-08 18:31:16,401 - Received a message by topic Dorinel/RPi_1
2023-01-08 18:31:16,401 - Data timestamp is 2023-01-08T20:31:16+0200
2023-01-08 18:31:16,401 - Dorinel.RPi_1.BAT 98
2023-01-08 18:31:16,401 - Dorinel.RPi_1.HUMID 80
2023-01-08 18:31:16,401 - Dorinel.RPi_1.TMP 24.9
2023-01-08 18:31:16,401 - Dorinel.RPi_1.timestamp 2023-01-08T20:31:16+0200
2023-01-08 18:31:17,404 - Received a message by topic Dorinel/RPi_1
2023-01-08 18:31:17,404 - Data timestamp is NOW
2023-01-08 18:31:17,404 - Dorinel.RPi_1.BAT 15
2023-01-08 18:31:17,404 - Dorinel.RPi_1.HUMID 71
2023-01-08 18:31:17,404 - Dorinel.RPi_1.TMP 16.5
2023-01-08 18:31:18,459 - Received a message by topic UPB/RPi_3
2023-01-08 18:31:18,460 - Data timestamp is NOW
2023-01-08 18:31:18,460 - UPB.RPi_3.BAT 60
2023-01-08 18:31:18,460 - UPB.RPi_3.HUMID 39
2023-01-08 18:31:18,460 - UPB.RPi_3.TMP 21.4
2023-01-08 18:31:19,428 - Received a message by topic Dorinel/Zeus
2023-01-08 18:31:19,428 - Data timestamp is 2023-01-08T20:31:19+0200
2023-01-08 18:31:19,428 - Dorinel.Zeus.BAT 57
2023-01-08 18:31:19,429 - Dorinel.Zeus.HUMID 24
2023-01-08 18:31:19,429 - Dorinel.Zeus.TMP 22.9
2023-01-08 18:31:19,429 - Dorinel.Zeus.timestamp 2023-01-08T20:31:19+0200
2023-01-08 18:31:20,433 - Received a message by topic Dorinel/RPi_1
2023-01-08 18:31:20,433 - Data timestamp is 2023-01-08T20:31:20+0200
2023-01-08 18:31:20,433 - Dorinel.RPi_1.BAT 35
2023-01-08 18:31:20,433 - Dorinel.RPi_1.HUMID 68
2023-01-08 18:31:20,434 - Dorinel.RPi_1.TMP 15.2
2023-01-08 18:31:20,434 - Dorinel.RPi_1.timestamp 2023-01-08T20:31:20+0200
2023-01-08 18:31:21,436 - Received a message by topic Dorinel/RPi_3
2023-01-08 18:31:21,436 - Data timestamp is 2023-01-08T20:31:21+0200
2023-01-08 18:31:21,437 - Dorinel.RPi_3.BAT 40
2023-01-08 18:31:21,437 - Dorinel.RPi_3.HUMID 45
2023-01-08 18:31:21,437 - Dorinel.RPi_3.TMP 18.4
2023-01-08 18:31:21,437 - Dorinel.RPi_3.timestamp 2023-01-08T20:31:21+0200
2023-01-08 18:31:22,438 - Received a message by topic Dorinel/Zeus
2023-01-08 18:31:22,438 - Data timestamp is NOW
2023-01-08 18:31:22,438 - Dorinel.Zeus.BAT 80
2023-01-08 18:31:22,438 - Dorinel.Zeus.HUMID 58
2023-01-08 18:31:22,438 - Dorinel.Zeus.TMP 16.0
2023-01-08 18:31:23,440 - Received a message by topic UPB/RPi_3
2023-01-08 18:31:23,440 - Data timestamp is 2023-01-08T20:31:23+0200
2023-01-08 18:31:23,440 - UPB.RPi_3.BAT 65
2023-01-08 18:31:23,441 - UPB.RPi_3.HUMID 24
2023-01-08 18:31:23,441 - UPB.RPi_3.TMP 17.2
2023-01-08 18:31:23,441 - UPB.RPi_3.timestamp 2023-01-08T20:31:23+0200
2023-01-08 18:31:24,442 - Received a message by topic Dorinel/RPi_2
2023-01-08 18:31:24,443 - Data timestamp is NOW
2023-01-08 18:31:24,443 - Dorinel.RPi_2.BAT 4
2023-01-08 18:31:24,443 - Dorinel.RPi_2.HUMID 43
2023-01-08 18:31:24,443 - Dorinel.RPi_2.TMP 21.9
2023-01-08 18:31:25,444 - Received a message by topic UPB/RPi_1
2023-01-08 18:31:25,444 - Data timestamp is NOW
2023-01-08 18:31:25,444 - UPB.RPi_1.BAT 51
2023-01-08 18:31:25,445 - UPB.RPi_1.HUMID 53
2023-01-08 18:31:25,445 - UPB.RPi_1.TMP 21.7
2023-01-08 18:31:26,447 - Received a message by topic UPB/RPi_3
2023-01-08 18:31:26,447 - Data timestamp is 2023-01-08T20:31:26+0200
2023-01-08 18:31:26,447 - UPB.RPi_3.BAT 11
2023-01-08 18:31:26,448 - UPB.RPi_3.HUMID 58
2023-01-08 18:31:26,448 - UPB.RPi_3.TMP 16.4
2023-01-08 18:31:26,448 - UPB.RPi_3.timestamp 2023-01-08T20:31:26+0200
2023-01-08 18:31:27,448 - Received a message by topic Dorinel/RPi_3
2023-01-08 18:31:27,448 - Data timestamp is NOW
2023-01-08 18:31:27,448 - Dorinel.RPi_3.BAT 72
2023-01-08 18:31:27,448 - Dorinel.RPi_3.HUMID 32
2023-01-08 18:31:27,449 - Dorinel.RPi_3.TMP 23.5
2023-01-08 18:31:28,450 - Received a message by topic Dorinel/RPi_3
2023-01-08 18:31:28,451 - Data timestamp is NOW
2023-01-08 18:31:28,451 - Dorinel.RPi_3.BAT 63
2023-01-08 18:31:28,451 - Dorinel.RPi_3.HUMID 66
2023-01-08 18:31:28,451 - Dorinel.RPi_3.TMP 18.6
2023-01-08 18:31:29,452 - Received a message by topic UPB/RPi_3
2023-01-08 18:31:29,452 - Data timestamp is 2023-01-08T20:31:29+0200
2023-01-08 18:31:29,453 - UPB.RPi_3.BAT 100
2023-01-08 18:31:29,453 - UPB.RPi_3.HUMID 60
2023-01-08 18:31:29,453 - UPB.RPi_3.TMP 24.8
2023-01-08 18:31:29,453 - UPB.RPi_3.timestamp 2023-01-08T20:31:29+0200
2023-01-08 18:31:30,456 - Received a message by topic UPB/RPi_1
2023-01-08 18:31:30,456 - Data timestamp is NOW
2023-01-08 18:31:30,456 - UPB.RPi_1.BAT 41
2023-01-08 18:31:30,456 - UPB.RPi_1.HUMID 56
2023-01-08 18:31:30,457 - UPB.RPi_1.TMP 25.0
2023-01-08 18:31:31,458 - Received a message by topic Dorinel/RPi_2
2023-01-08 18:31:31,459 - Data timestamp is 2023-01-08T20:31:31+0200
2023-01-08 18:31:31,459 - Dorinel.RPi_2.BAT 47
2023-01-08 18:31:31,459 - Dorinel.RPi_2.HUMID 78
2023-01-08 18:31:31,459 - Dorinel.RPi_2.TMP 17.1
2023-01-08 18:31:31,459 - Dorinel.RPi_2.timestamp 2023-01-08T20:31:31+0200
2023-01-08 18:31:32,462 - Received a message by topic Dorinel/Zeus
2023-01-08 18:31:32,463 - Data timestamp is 2023-01-08T20:31:32+0200
2023-01-08 18:31:32,463 - Dorinel.Zeus.BAT 26
2023-01-08 18:31:32,463 - Dorinel.Zeus.HUMID 77
2023-01-08 18:31:32,463 - Dorinel.Zeus.TMP 27.2
2023-01-08 18:31:32,463 - Dorinel.Zeus.timestamp 2023-01-08T20:31:32+0200
2023-01-08 18:31:33,464 - Received a message by topic UPB/RPi_1
2023-01-08 18:31:33,464 - Data timestamp is NOW
2023-01-08 18:31:33,464 - UPB.RPi_1.BAT 3
2023-01-08 18:31:33,464 - UPB.RPi_1.HUMID 70
2023-01-08 18:31:33,464 - UPB.RPi_1.TMP 18.6
2023-01-08 18:31:34,471 - Received a message by topic Dorinel/Zeus
2023-01-08 18:31:34,471 - Data timestamp is NOW
2023-01-08 18:31:34,471 - Dorinel.Zeus.BAT 70
2023-01-08 18:31:34,472 - Dorinel.Zeus.HUMID 26
2023-01-08 18:31:34,472 - Dorinel.Zeus.TMP 15.5
2023-01-08 18:31:35,472 - Received a message by topic UPB/RPi_2
2023-01-08 18:31:35,472 - Data timestamp is NOW
2023-01-08 18:31:35,472 - UPB.RPi_2.BAT 32
2023-01-08 18:31:35,472 - UPB.RPi_2.HUMID 25
2023-01-08 18:31:35,473 - UPB.RPi_2.TMP 18.9
2023-01-08 18:31:36,474 - Received a message by topic UPB/RPi_3
2023-01-08 18:31:36,474 - Data timestamp is 2023-01-08T20:31:36+0200
2023-01-08 18:31:36,474 - UPB.RPi_3.BAT 27
2023-01-08 18:31:36,474 - UPB.RPi_3.HUMID 32
2023-01-08 18:31:36,474 - UPB.RPi_3.TMP 21.8
2023-01-08 18:31:36,474 - UPB.RPi_3.timestamp 2023-01-08T20:31:36+0200
2023-01-08 18:31:37,475 - Received a message by topic Dorinel/RPi_3
2023-01-08 18:31:37,475 - Data timestamp is NOW
2023-01-08 18:31:37,476 - Dorinel.RPi_3.BAT 85
2023-01-08 18:31:37,476 - Dorinel.RPi_3.HUMID 69
2023-01-08 18:31:37,476 - Dorinel.RPi_3.TMP 22.8
2023-01-08 18:31:38,476 - Received a message by topic Dorinel/RPi_2
2023-01-08 18:31:38,476 - Data timestamp is 2023-01-08T20:31:38+0200
2023-01-08 18:31:38,476 - Dorinel.RPi_2.BAT 52
2023-01-08 18:31:38,476 - Dorinel.RPi_2.HUMID 71
2023-01-08 18:31:38,476 - Dorinel.RPi_2.TMP 18.4
2023-01-08 18:31:38,476 - Dorinel.RPi_2.timestamp 2023-01-08T20:31:38+0200
2023-01-08 18:31:39,478 - Received a message by topic Dorinel/Zeus
2023-01-08 18:31:39,478 - Data timestamp is 2023-01-08T20:31:39+0200
2023-01-08 18:31:39,478 - Dorinel.Zeus.BAT 55
2023-01-08 18:31:39,478 - Dorinel.Zeus.HUMID 41
2023-01-08 18:31:39,478 - Dorinel.Zeus.TMP 20.7
2023-01-08 18:31:39,478 - Dorinel.Zeus.timestamp 2023-01-08T20:31:39+0200
2023-01-08 18:31:40,484 - Received a message by topic UPB/RPi_3
2023-01-08 18:31:40,484 - Data timestamp is 2023-01-08T20:31:40+0200
2023-01-08 18:31:40,484 - UPB.RPi_3.BAT 52
2023-01-08 18:31:40,484 - UPB.RPi_3.HUMID 48
2023-01-08 18:31:40,484 - UPB.RPi_3.TMP 16.4
2023-01-08 18:31:40,484 - UPB.RPi_3.timestamp 2023-01-08T20:31:40+0200
2023-01-08 18:31:41,486 - Received a message by topic UPB/RPi_1
2023-01-08 18:31:41,486 - Data timestamp is NOW
2023-01-08 18:31:41,487 - UPB.RPi_1.BAT 64
2023-01-08 18:31:41,487 - UPB.RPi_1.HUMID 31
2023-01-08 18:31:41,487 - UPB.RPi_1.TMP 27.8
2023-01-08 18:31:42,488 - Received a message by topic UPB/RPi_1
2023-01-08 18:31:42,488 - Data timestamp is 2023-01-08T20:31:42+0200
2023-01-08 18:31:42,488 - UPB.RPi_1.BAT 78
2023-01-08 18:31:42,488 - UPB.RPi_1.HUMID 25
2023-01-08 18:31:42,488 - UPB.RPi_1.TMP 16.9
2023-01-08 18:31:42,488 - UPB.RPi_1.timestamp 2023-01-08T20:31:42+0200
2023-01-08 18:31:43,495 - Received a message by topic UPB/RPi_2
2023-01-08 18:31:43,495 - Data timestamp is 2023-01-08T20:31:43+0200
2023-01-08 18:31:43,495 - UPB.RPi_2.BAT 53
2023-01-08 18:31:43,495 - UPB.RPi_2.HUMID 42
2023-01-08 18:31:43,496 - UPB.RPi_2.TMP 26.5
2023-01-08 18:31:43,496 - UPB.RPi_2.timestamp 2023-01-08T20:31:43+0200
2023-01-08 18:31:44,496 - Received a message by topic UPB/RPi_1
2023-01-08 18:31:44,497 - Data timestamp is NOW
2023-01-08 18:31:44,497 - UPB.RPi_1.BAT 87
2023-01-08 18:31:44,497 - UPB.RPi_1.HUMID 38
2023-01-08 18:31:44,497 - UPB.RPi_1.TMP 21.0
2023-01-08 18:31:45,503 - Received a message by topic Dorinel/RPi_2
2023-01-08 18:31:45,504 - Data timestamp is NOW
2023-01-08 18:31:45,504 - Dorinel.RPi_2.BAT 55
2023-01-08 18:31:45,504 - Dorinel.RPi_2.HUMID 44
2023-01-08 18:31:45,504 - Dorinel.RPi_2.TMP 23.7
2023-01-08 18:31:46,509 - Received a message by topic UPB/Zeus
2023-01-08 18:31:46,509 - Data timestamp is 2023-01-08T20:31:46+0200
2023-01-08 18:31:46,509 - UPB.Zeus.BAT 6
2023-01-08 18:31:46,509 - UPB.Zeus.HUMID 41
2023-01-08 18:31:46,509 - UPB.Zeus.TMP 23.5
2023-01-08 18:31:46,510 - UPB.Zeus.timestamp 2023-01-08T20:31:46+0200
2023-01-08 18:31:47,512 - Received a message by topic UPB/RPi_3
2023-01-08 18:31:47,512 - Data timestamp is 2023-01-08T20:31:47+0200
2023-01-08 18:31:47,513 - UPB.RPi_3.BAT 84
2023-01-08 18:31:47,513 - UPB.RPi_3.HUMID 36
2023-01-08 18:31:47,513 - UPB.RPi_3.TMP 21.7
2023-01-08 18:31:47,513 - UPB.RPi_3.timestamp 2023-01-08T20:31:47+0200
2023-01-08 18:31:48,514 - Received a message by topic UPB/RPi_1
2023-01-08 18:31:48,514 - Data timestamp is NOW
2023-01-08 18:31:48,514 - UPB.RPi_1.BAT 1
2023-01-08 18:31:48,514 - UPB.RPi_1.HUMID 54
2023-01-08 18:31:48,514 - UPB.RPi_1.TMP 25.8
2023-01-08 18:31:49,516 - Received a message by topic UPB/RPi_1
2023-01-08 18:31:49,516 - Data timestamp is 2023-01-08T20:31:49+0200
2023-01-08 18:31:49,516 - UPB.RPi_1.BAT 34
2023-01-08 18:31:49,516 - UPB.RPi_1.HUMID 72
2023-01-08 18:31:49,516 - UPB.RPi_1.TMP 21.6
2023-01-08 18:31:49,516 - UPB.RPi_1.timestamp 2023-01-08T20:31:49+0200
2023-01-08 18:31:50,519 - Received a message by topic Dorinel/RPi_2
2023-01-08 18:31:50,519 - Data timestamp is NOW
2023-01-08 18:31:50,520 - Dorinel.RPi_2.BAT 75
2023-01-08 18:31:50,520 - Dorinel.RPi_2.HUMID 65
2023-01-08 18:31:50,520 - Dorinel.RPi_2.TMP 17.5
2023-01-08 18:31:51,520 - Received a message by topic Dorinel/Zeus
2023-01-08 18:31:51,520 - Data timestamp is 2023-01-08T20:31:51+0200
2023-01-08 18:31:51,520 - Dorinel.Zeus.BAT 19
2023-01-08 18:31:51,521 - Dorinel.Zeus.HUMID 60
2023-01-08 18:31:51,521 - Dorinel.Zeus.TMP 23.0
2023-01-08 18:31:51,521 - Dorinel.Zeus.timestamp 2023-01-08T20:31:51+0200
2023-01-08 18:31:52,522 - Received a message by topic UPB/RPi_2
2023-01-08 18:31:52,522 - Data timestamp is 2023-01-08T20:31:52+0200
2023-01-08 18:31:52,522 - UPB.RPi_2.BAT 89
2023-01-08 18:31:52,523 - UPB.RPi_2.HUMID 54
2023-01-08 18:31:52,523 - UPB.RPi_2.TMP 25.5
2023-01-08 18:31:52,523 - UPB.RPi_2.timestamp 2023-01-08T20:31:52+0200
2023-01-08 18:31:53,524 - Received a message by topic UPB/RPi_1
2023-01-08 18:31:53,524 - Data timestamp is 2023-01-08T20:31:53+0200
2023-01-08 18:31:53,525 - UPB.RPi_1.BAT 10
2023-01-08 18:31:53,525 - UPB.RPi_1.HUMID 49
2023-01-08 18:31:53,525 - UPB.RPi_1.TMP 20.1
2023-01-08 18:31:53,525 - UPB.RPi_1.timestamp 2023-01-08T20:31:53+0200
2023-01-08 18:31:54,527 - Received a message by topic UPB/RPi_2
2023-01-08 18:31:54,527 - Data timestamp is 2023-01-08T20:31:54+0200
2023-01-08 18:31:54,528 - UPB.RPi_2.BAT 35
2023-01-08 18:31:54,528 - UPB.RPi_2.HUMID 57
2023-01-08 18:31:54,528 - UPB.RPi_2.TMP 18.8
2023-01-08 18:31:54,528 - UPB.RPi_2.timestamp 2023-01-08T20:31:54+0200
2023-01-08 18:31:55,534 - Received a message by topic Dorinel/RPi_1
2023-01-08 18:31:55,535 - Data timestamp is NOW
2023-01-08 18:31:55,535 - Dorinel.RPi_1.BAT 38
2023-01-08 18:31:55,535 - Dorinel.RPi_1.HUMID 37
2023-01-08 18:31:55,535 - Dorinel.RPi_1.TMP 16.8
2023-01-08 18:31:56,536 - Received a message by topic Dorinel/RPi_3
2023-01-08 18:31:56,536 - Data timestamp is NOW
2023-01-08 18:31:56,536 - Dorinel.RPi_3.BAT 2
2023-01-08 18:31:56,536 - Dorinel.RPi_3.HUMID 68
2023-01-08 18:31:56,536 - Dorinel.RPi_3.TMP 24.6
2023-01-08 18:31:57,543 - Received a message by topic UPB/RPi_2
2023-01-08 18:31:57,544 - Data timestamp is 2023-01-08T20:31:57+0200
2023-01-08 18:31:57,544 - UPB.RPi_2.BAT 18
2023-01-08 18:31:57,544 - UPB.RPi_2.HUMID 53
2023-01-08 18:31:57,544 - UPB.RPi_2.TMP 20.9
2023-01-08 18:31:57,544 - UPB.RPi_2.timestamp 2023-01-08T20:31:57+0200
2023-01-08 18:31:58,550 - Received a message by topic UPB/RPi_3
2023-01-08 18:31:58,550 - Data timestamp is NOW
2023-01-08 18:31:58,551 - UPB.RPi_3.BAT 69
2023-01-08 18:31:58,551 - UPB.RPi_3.HUMID 25
2023-01-08 18:31:58,551 - UPB.RPi_3.TMP 19.4
2023-01-08 18:31:59,558 - Received a message by topic Dorinel/Zeus
2023-01-08 18:31:59,558 - Data timestamp is NOW
2023-01-08 18:31:59,559 - Dorinel.Zeus.BAT 4
2023-01-08 18:31:59,559 - Dorinel.Zeus.HUMID 55
2023-01-08 18:31:59,559 - Dorinel.Zeus.TMP 27.1
2023-01-08 18:32:00,560 - Received a message by topic UPB/Zeus
2023-01-08 18:32:00,560 - Data timestamp is NOW
2023-01-08 18:32:00,560 - UPB.Zeus.BAT 29
2023-01-08 18:32:00,561 - UPB.Zeus.HUMID 37
2023-01-08 18:32:00,561 - UPB.Zeus.TMP 19.1
2023-01-08 18:32:01,562 - Received a message by topic UPB/RPi_3
2023-01-08 18:32:01,563 - Data timestamp is 2023-01-08T20:32:01+0200
2023-01-08 18:32:01,563 - UPB.RPi_3.BAT 22
2023-01-08 18:32:01,563 - UPB.RPi_3.HUMID 78
2023-01-08 18:32:01,563 - UPB.RPi_3.TMP 22.4
2023-01-08 18:32:01,563 - UPB.RPi_3.timestamp 2023-01-08T20:32:01+0200
2023-01-08 18:32:02,563 - Received a message by topic Dorinel/RPi_2
2023-01-08 18:32:02,564 - Data timestamp is NOW
2023-01-08 18:32:02,564 - Dorinel.RPi_2.BAT 21
2023-01-08 18:32:02,564 - Dorinel.RPi_2.HUMID 29
2023-01-08 18:32:02,564 - Dorinel.RPi_2.TMP 21.1
2023-01-08 18:32:03,568 - Received a message by topic Dorinel/RPi_2
2023-01-08 18:32:03,569 - Data timestamp is NOW
2023-01-08 18:32:03,569 - Dorinel.RPi_2.BAT 68
2023-01-08 18:32:03,569 - Dorinel.RPi_2.HUMID 78
2023-01-08 18:32:03,569 - Dorinel.RPi_2.TMP 27.1
2023-01-08 18:32:04,568 - Received a message by topic Dorinel/RPi_1
2023-01-08 18:32:04,569 - Data timestamp is NOW
2023-01-08 18:32:04,569 - Dorinel.RPi_1.BAT 16
2023-01-08 18:32:04,569 - Dorinel.RPi_1.HUMID 68
2023-01-08 18:32:04,569 - Dorinel.RPi_1.TMP 25.3
2023-01-08 18:32:05,571 - Received a message by topic UPB/Zeus
2023-01-08 18:32:05,571 - Data timestamp is NOW
2023-01-08 18:32:05,571 - UPB.Zeus.BAT 80
2023-01-08 18:32:05,571 - UPB.Zeus.HUMID 58
2023-01-08 18:32:05,571 - UPB.Zeus.TMP 25.6
2023-01-08 18:32:06,572 - Received a message by topic UPB/RPi_2
2023-01-08 18:32:06,572 - Data timestamp is NOW
2023-01-08 18:32:06,572 - UPB.RPi_2.BAT 7
2023-01-08 18:32:06,572 - UPB.RPi_2.HUMID 35
2023-01-08 18:32:06,573 - UPB.RPi_2.TMP 24.3
2023-01-08 18:32:07,574 - Received a message by topic UPB/Zeus
2023-01-08 18:32:07,574 - Data timestamp is 2023-01-08T20:32:07+0200
2023-01-08 18:32:07,574 - UPB.Zeus.BAT 83
2023-01-08 18:32:07,574 - UPB.Zeus.HUMID 50
2023-01-08 18:32:07,574 - UPB.Zeus.TMP 23.7
2023-01-08 18:32:07,574 - UPB.Zeus.timestamp 2023-01-08T20:32:07+0200
2023-01-08 18:32:08,576 - Received a message by topic Dorinel/RPi_3
2023-01-08 18:32:08,576 - Data timestamp is NOW
2023-01-08 18:32:08,576 - Dorinel.RPi_3.BAT 12
2023-01-08 18:32:08,576 - Dorinel.RPi_3.HUMID 32
2023-01-08 18:32:08,576 - Dorinel.RPi_3.TMP 17.8
2023-01-08 18:32:09,577 - Received a message by topic UPB/RPi_1
2023-01-08 18:32:09,577 - Data timestamp is 2023-01-08T20:32:09+0200
2023-01-08 18:32:09,577 - UPB.RPi_1.BAT 67
2023-01-08 18:32:09,577 - UPB.RPi_1.HUMID 39
2023-01-08 18:32:09,578 - UPB.RPi_1.TMP 18.1
2023-01-08 18:32:09,578 - UPB.RPi_1.timestamp 2023-01-08T20:32:09+0200
2023-01-08 18:32:10,580 - Received a message by topic Dorinel/RPi_1
2023-01-08 18:32:10,580 - Data timestamp is NOW
2023-01-08 18:32:10,580 - Dorinel.RPi_1.BAT 49
2023-01-08 18:32:10,580 - Dorinel.RPi_1.HUMID 50
2023-01-08 18:32:10,580 - Dorinel.RPi_1.TMP 17.5
2023-01-08 18:32:11,581 - Received a message by topic Dorinel/Zeus
2023-01-08 18:32:11,581 - Data timestamp is 2023-01-08T20:32:11+0200
2023-01-08 18:32:11,581 - Dorinel.Zeus.BAT 91
2023-01-08 18:32:11,581 - Dorinel.Zeus.HUMID 60
2023-01-08 18:32:11,581 - Dorinel.Zeus.TMP 15.8
2023-01-08 18:32:11,581 - Dorinel.Zeus.timestamp 2023-01-08T20:32:11+0200
2023-01-08 18:32:12,583 - Received a message by topic UPB/RPi_1
2023-01-08 18:32:12,583 - Data timestamp is 2023-01-08T20:32:12+0200
2023-01-08 18:32:12,583 - UPB.RPi_1.BAT 41
2023-01-08 18:32:12,583 - UPB.RPi_1.HUMID 39
2023-01-08 18:32:12,583 - UPB.RPi_1.TMP 19.4
2023-01-08 18:32:12,583 - UPB.RPi_1.timestamp 2023-01-08T20:32:12+0200
2023-01-08 18:32:13,584 - Received a message by topic UPB/Zeus
2023-01-08 18:32:13,584 - Data timestamp is 2023-01-08T20:32:13+0200
2023-01-08 18:32:13,584 - UPB.Zeus.BAT 64
2023-01-08 18:32:13,584 - UPB.Zeus.HUMID 26
2023-01-08 18:32:13,584 - UPB.Zeus.TMP 18.2
2023-01-08 18:32:13,584 - UPB.Zeus.timestamp 2023-01-08T20:32:13+0200
2023-01-08 18:32:14,586 - Received a message by topic UPB/Zeus
2023-01-08 18:32:14,586 - Data timestamp is NOW
2023-01-08 18:32:14,586 - UPB.Zeus.BAT 56
2023-01-08 18:32:14,586 - UPB.Zeus.HUMID 51
2023-01-08 18:32:14,586 - UPB.Zeus.TMP 21.3
2023-01-08 18:32:15,588 - Received a message by topic Dorinel/RPi_2
2023-01-08 18:32:15,588 - Data timestamp is 2023-01-08T20:32:15+0200
2023-01-08 18:32:15,588 - Dorinel.RPi_2.BAT 20
2023-01-08 18:32:15,589 - Dorinel.RPi_2.HUMID 80
2023-01-08 18:32:15,589 - Dorinel.RPi_2.TMP 19.4
2023-01-08 18:32:15,589 - Dorinel.RPi_2.timestamp 2023-01-08T20:32:15+0200
2023-01-08 18:32:16,595 - Received a message by topic Dorinel/RPi_1
2023-01-08 18:32:16,595 - Data timestamp is 2023-01-08T20:32:16+0200
2023-01-08 18:32:16,595 - Dorinel.RPi_1.BAT 98
2023-01-08 18:32:16,595 - Dorinel.RPi_1.HUMID 55
2023-01-08 18:32:16,595 - Dorinel.RPi_1.TMP 25.4
2023-01-08 18:32:16,595 - Dorinel.RPi_1.timestamp 2023-01-08T20:32:16+0200
2023-01-08 18:32:17,602 - Received a message by topic UPB/RPi_2
2023-01-08 18:32:17,602 - Data timestamp is NOW
2023-01-08 18:32:17,602 - UPB.RPi_2.BAT 42
2023-01-08 18:32:17,602 - UPB.RPi_2.HUMID 47
2023-01-08 18:32:17,602 - UPB.RPi_2.TMP 16.5
2023-01-08 18:32:18,607 - Received a message by topic UPB/Zeus
2023-01-08 18:32:18,607 - Data timestamp is 2023-01-08T20:32:18+0200
2023-01-08 18:32:18,607 - UPB.Zeus.BAT 100
2023-01-08 18:32:18,607 - UPB.Zeus.HUMID 68
2023-01-08 18:32:18,607 - UPB.Zeus.TMP 20.3
2023-01-08 18:32:18,607 - UPB.Zeus.timestamp 2023-01-08T20:32:18+0200
2023-01-08 18:32:19,608 - Received a message by topic UPB/Zeus
2023-01-08 18:32:19,608 - Data timestamp is NOW
2023-01-08 18:32:19,608 - UPB.Zeus.BAT 84
2023-01-08 18:32:19,608 - UPB.Zeus.HUMID 76
2023-01-08 18:32:19,608 - UPB.Zeus.TMP 17.1
2023-01-08 18:32:20,614 - Received a message by topic Dorinel/RPi_2
2023-01-08 18:32:20,614 - Data timestamp is 2023-01-08T20:32:20+0200
2023-01-08 18:32:20,614 - Dorinel.RPi_2.BAT 93
2023-01-08 18:32:20,614 - Dorinel.RPi_2.HUMID 78
2023-01-08 18:32:20,614 - Dorinel.RPi_2.TMP 21.4
2023-01-08 18:32:20,614 - Dorinel.RPi_2.timestamp 2023-01-08T20:32:20+0200
2023-01-08 18:32:21,616 - Received a message by topic UPB/RPi_3
2023-01-08 18:32:21,616 - Data timestamp is NOW
2023-01-08 18:32:21,616 - UPB.RPi_3.BAT 81
2023-01-08 18:32:21,616 - UPB.RPi_3.HUMID 53
2023-01-08 18:32:21,616 - UPB.RPi_3.TMP 26.1
2023-01-08 18:32:22,618 - Received a message by topic UPB/Zeus
2023-01-08 18:32:22,618 - Data timestamp is 2023-01-08T20:32:22+0200
2023-01-08 18:32:22,618 - UPB.Zeus.BAT 76
2023-01-08 18:32:22,619 - UPB.Zeus.HUMID 28
2023-01-08 18:32:22,619 - UPB.Zeus.TMP 20.9
2023-01-08 18:32:22,619 - UPB.Zeus.timestamp 2023-01-08T20:32:22+0200
2023-01-08 18:32:23,620 - Received a message by topic UPB/RPi_2
2023-01-08 18:32:23,620 - Data timestamp is 2023-01-08T20:32:23+0200
2023-01-08 18:32:23,620 - UPB.RPi_2.BAT 69
2023-01-08 18:32:23,620 - UPB.RPi_2.HUMID 46
2023-01-08 18:32:23,620 - UPB.RPi_2.TMP 15.6
2023-01-08 18:32:23,621 - UPB.RPi_2.timestamp 2023-01-08T20:32:23+0200
2023-01-08 18:32:24,622 - Received a message by topic Dorinel/RPi_1
2023-01-08 18:32:24,622 - Data timestamp is 2023-01-08T20:32:24+0200
2023-01-08 18:32:24,623 - Dorinel.RPi_1.BAT 64
2023-01-08 18:32:24,623 - Dorinel.RPi_1.HUMID 41
2023-01-08 18:32:24,623 - Dorinel.RPi_1.TMP 23.3
2023-01-08 18:32:24,623 - Dorinel.RPi_1.timestamp 2023-01-08T20:32:24+0200
2023-01-08 18:32:25,625 - Received a message by topic Dorinel/RPi_3
2023-01-08 18:32:25,625 - Data timestamp is 2023-01-08T20:32:25+0200
2023-01-08 18:32:25,625 - Dorinel.RPi_3.BAT 15
2023-01-08 18:32:25,625 - Dorinel.RPi_3.HUMID 66
2023-01-08 18:32:25,626 - Dorinel.RPi_3.TMP 17.2
2023-01-08 18:32:25,626 - Dorinel.RPi_3.timestamp 2023-01-08T20:32:25+0200
2023-01-08 18:32:26,628 - Received a message by topic UPB/Zeus
2023-01-08 18:32:26,628 - Data timestamp is 2023-01-08T20:32:26+0200
2023-01-08 18:32:26,628 - UPB.Zeus.BAT 43
2023-01-08 18:32:26,628 - UPB.Zeus.HUMID 25
2023-01-08 18:32:26,628 - UPB.Zeus.TMP 17.3
2023-01-08 18:32:26,628 - UPB.Zeus.timestamp 2023-01-08T20:32:26+0200
2023-01-08 18:32:27,631 - Received a message by topic UPB/RPi_3
2023-01-08 18:32:27,631 - Data timestamp is 2023-01-08T20:32:27+0200
2023-01-08 18:32:27,631 - UPB.RPi_3.BAT 45
2023-01-08 18:32:27,631 - UPB.RPi_3.HUMID 73
2023-01-08 18:32:27,631 - UPB.RPi_3.TMP 16.1
2023-01-08 18:32:27,631 - UPB.RPi_3.timestamp 2023-01-08T20:32:27+0200
2023-01-08 18:32:28,632 - Received a message by topic UPB/RPi_1
2023-01-08 18:32:28,632 - Data timestamp is NOW
2023-01-08 18:32:28,632 - UPB.RPi_1.BAT 97
2023-01-08 18:32:28,632 - UPB.RPi_1.HUMID 44
2023-01-08 18:32:28,632 - UPB.RPi_1.TMP 19.8
2023-01-08 18:32:29,634 - Received a message by topic Dorinel/RPi_3
2023-01-08 18:32:29,634 - Data timestamp is 2023-01-08T20:32:29+0200
2023-01-08 18:32:29,634 - Dorinel.RPi_3.BAT 21
2023-01-08 18:32:29,634 - Dorinel.RPi_3.HUMID 59
2023-01-08 18:32:29,634 - Dorinel.RPi_3.TMP 20.5
2023-01-08 18:32:29,634 - Dorinel.RPi_3.timestamp 2023-01-08T20:32:29+0200
2023-01-08 18:32:30,644 - Received a message by topic Dorinel/RPi_1
2023-01-08 18:32:30,645 - Data timestamp is NOW
2023-01-08 18:32:30,645 - Dorinel.RPi_1.BAT 89
2023-01-08 18:32:30,645 - Dorinel.RPi_1.HUMID 26
2023-01-08 18:32:30,645 - Dorinel.RPi_1.TMP 26.0
2023-01-08 18:32:31,646 - Received a message by topic UPB/RPi_2
2023-01-08 18:32:31,647 - Data timestamp is 2023-01-08T20:32:31+0200
2023-01-08 18:32:31,647 - UPB.RPi_2.BAT 73
2023-01-08 18:32:31,647 - UPB.RPi_2.HUMID 79
2023-01-08 18:32:31,647 - UPB.RPi_2.TMP 18.4
2023-01-08 18:32:31,647 - UPB.RPi_2.timestamp 2023-01-08T20:32:31+0200
2023-01-08 18:32:32,653 - Received a message by topic UPB/RPi_1
2023-01-08 18:32:32,653 - Data timestamp is NOW
2023-01-08 18:32:32,653 - UPB.RPi_1.BAT 62
2023-01-08 18:32:32,653 - UPB.RPi_1.HUMID 55
2023-01-08 18:32:32,653 - UPB.RPi_1.TMP 19.7
2023-01-08 18:32:33,654 - Received a message by topic UPB/RPi_1
2023-01-08 18:32:33,655 - Data timestamp is NOW
2023-01-08 18:32:33,655 - UPB.RPi_1.BAT 93
2023-01-08 18:32:33,655 - UPB.RPi_1.HUMID 78
2023-01-08 18:32:33,655 - UPB.RPi_1.TMP 25.3
2023-01-08 18:32:34,656 - Received a message by topic Dorinel/RPi_3
2023-01-08 18:32:34,657 - Data timestamp is 2023-01-08T20:32:34+0200
2023-01-08 18:32:34,657 - Dorinel.RPi_3.BAT 20
2023-01-08 18:32:34,657 - Dorinel.RPi_3.HUMID 42
2023-01-08 18:32:34,657 - Dorinel.RPi_3.TMP 23.4
2023-01-08 18:32:34,657 - Dorinel.RPi_3.timestamp 2023-01-08T20:32:34+0200
2023-01-08 18:32:35,659 - Received a message by topic UPB/RPi_2
2023-01-08 18:32:35,659 - Data timestamp is 2023-01-08T20:32:35+0200
2023-01-08 18:32:35,659 - UPB.RPi_2.BAT 87
2023-01-08 18:32:35,659 - UPB.RPi_2.HUMID 54
2023-01-08 18:32:35,659 - UPB.RPi_2.TMP 20.3
2023-01-08 18:32:35,660 - UPB.RPi_2.timestamp 2023-01-08T20:32:35+0200
2023-01-08 18:32:36,661 - Received a message by topic UPB/RPi_2
2023-01-08 18:32:36,661 - Data timestamp is NOW
2023-01-08 18:32:36,661 - UPB.RPi_2.BAT 85
2023-01-08 18:32:36,661 - UPB.RPi_2.HUMID 71
2023-01-08 18:32:36,661 - UPB.RPi_2.TMP 18.3
2023-01-08 18:32:37,664 - Received a message by topic Dorinel/RPi_3
2023-01-08 18:32:37,664 - Data timestamp is NOW
2023-01-08 18:32:37,664 - Dorinel.RPi_3.BAT 99
2023-01-08 18:32:37,664 - Dorinel.RPi_3.HUMID 22
2023-01-08 18:32:37,664 - Dorinel.RPi_3.TMP 19.2
2023-01-08 18:32:38,665 - Received a message by topic UPB/RPi_2
2023-01-08 18:32:38,666 - Data timestamp is NOW
2023-01-08 18:32:38,666 - UPB.RPi_2.BAT 36
2023-01-08 18:32:38,666 - UPB.RPi_2.HUMID 40
2023-01-08 18:32:38,666 - UPB.RPi_2.TMP 17.7
2023-01-08 18:32:39,667 - Received a message by topic UPB/RPi_2
2023-01-08 18:32:39,667 - Data timestamp is NOW
2023-01-08 18:32:39,667 - UPB.RPi_2.BAT 37
2023-01-08 18:32:39,667 - UPB.RPi_2.HUMID 78
2023-01-08 18:32:39,667 - UPB.RPi_2.TMP 15.9
2023-01-08 18:32:40,668 - Received a message by topic Dorinel/Zeus
2023-01-08 18:32:40,668 - Data timestamp is NOW
2023-01-08 18:32:40,668 - Dorinel.Zeus.BAT 12
2023-01-08 18:32:40,668 - Dorinel.Zeus.HUMID 47
2023-01-08 18:32:40,669 - Dorinel.Zeus.TMP 18.5
2023-01-08 18:32:41,670 - Received a message by topic UPB/Zeus
2023-01-08 18:32:41,670 - Data timestamp is 2023-01-08T20:32:41+0200
2023-01-08 18:32:41,670 - UPB.Zeus.BAT 98
2023-01-08 18:32:41,670 - UPB.Zeus.HUMID 39
2023-01-08 18:32:41,671 - UPB.Zeus.TMP 24.4
2023-01-08 18:32:41,671 - UPB.Zeus.timestamp 2023-01-08T20:32:41+0200
2023-01-08 18:32:42,672 - Received a message by topic UPB/RPi_1
2023-01-08 18:32:42,673 - Data timestamp is 2023-01-08T20:32:42+0200
2023-01-08 18:32:42,673 - UPB.RPi_1.BAT 73
2023-01-08 18:32:42,673 - UPB.RPi_1.HUMID 58
2023-01-08 18:32:42,673 - UPB.RPi_1.TMP 16.5
2023-01-08 18:32:42,673 - UPB.RPi_1.timestamp 2023-01-08T20:32:42+0200
2023-01-08 18:32:43,675 - Received a message by topic UPB/Zeus
2023-01-08 18:32:43,675 - Data timestamp is 2023-01-08T20:32:43+0200
2023-01-08 18:32:43,675 - UPB.Zeus.BAT 21
2023-01-08 18:32:43,675 - UPB.Zeus.HUMID 59
2023-01-08 18:32:43,675 - UPB.Zeus.TMP 24.5
2023-01-08 18:32:43,675 - UPB.Zeus.timestamp 2023-01-08T20:32:43+0200
2023-01-08 18:32:44,676 - Received a message by topic Dorinel/RPi_1
2023-01-08 18:32:44,676 - Data timestamp is NOW
2023-01-08 18:32:44,676 - Dorinel.RPi_1.BAT 71
2023-01-08 18:32:44,676 - Dorinel.RPi_1.HUMID 79
2023-01-08 18:32:44,676 - Dorinel.RPi_1.TMP 20.5
2023-01-08 18:32:45,679 - Received a message by topic Dorinel/Zeus
2023-01-08 18:32:45,679 - Data timestamp is 2023-01-08T20:32:45+0200
2023-01-08 18:32:45,679 - Dorinel.Zeus.BAT 63
2023-01-08 18:32:45,679 - Dorinel.Zeus.HUMID 71
2023-01-08 18:32:45,679 - Dorinel.Zeus.TMP 18.5
2023-01-08 18:32:45,679 - Dorinel.Zeus.timestamp 2023-01-08T20:32:45+0200
2023-01-08 18:32:46,680 - Received a message by topic Dorinel/RPi_2
2023-01-08 18:32:46,680 - Data timestamp is NOW
2023-01-08 18:32:46,680 - Dorinel.RPi_2.BAT 92
2023-01-08 18:32:46,680 - Dorinel.RPi_2.HUMID 27
2023-01-08 18:32:46,680 - Dorinel.RPi_2.TMP 16.1
2023-01-08 18:32:47,682 - Received a message by topic UPB/Zeus
2023-01-08 18:32:47,682 - Data timestamp is NOW
2023-01-08 18:32:47,682 - UPB.Zeus.BAT 94
2023-01-08 18:32:47,683 - UPB.Zeus.HUMID 65
2023-01-08 18:32:47,683 - UPB.Zeus.TMP 18.4
2023-01-08 18:32:48,685 - Received a message by topic Dorinel/RPi_3
2023-01-08 18:32:48,685 - Data timestamp is 2023-01-08T20:32:48+0200
2023-01-08 18:32:48,685 - Dorinel.RPi_3.BAT 55
2023-01-08 18:32:48,685 - Dorinel.RPi_3.HUMID 49
2023-01-08 18:32:48,685 - Dorinel.RPi_3.TMP 21.4
2023-01-08 18:32:48,685 - Dorinel.RPi_3.timestamp 2023-01-08T20:32:48+0200
2023-01-08 18:32:49,686 - Received a message by topic UPB/RPi_3
2023-01-08 18:32:49,686 - Data timestamp is 2023-01-08T20:32:49+0200
2023-01-08 18:32:49,686 - UPB.RPi_3.BAT 38
2023-01-08 18:32:49,686 - UPB.RPi_3.HUMID 33
2023-01-08 18:32:49,686 - UPB.RPi_3.TMP 17.1
2023-01-08 18:32:49,686 - UPB.RPi_3.timestamp 2023-01-08T20:32:49+0200
2023-01-08 18:32:50,687 - Received a message by topic UPB/RPi_2
2023-01-08 18:32:50,688 - Data timestamp is 2023-01-08T20:32:50+0200
2023-01-08 18:32:50,688 - UPB.RPi_2.BAT 3
2023-01-08 18:32:50,688 - UPB.RPi_2.HUMID 44
2023-01-08 18:32:50,688 - UPB.RPi_2.TMP 19.3
2023-01-08 18:32:50,688 - UPB.RPi_2.timestamp 2023-01-08T20:32:50+0200
2023-01-08 18:32:51,689 - Received a message by topic Dorinel/RPi_3
2023-01-08 18:32:51,689 - Data timestamp is NOW
2023-01-08 18:32:51,689 - Dorinel.RPi_3.BAT 56
2023-01-08 18:32:51,689 - Dorinel.RPi_3.HUMID 70
2023-01-08 18:32:51,690 - Dorinel.RPi_3.TMP 19.3
2023-01-08 18:32:52,691 - Received a message by topic UPB/RPi_2
2023-01-08 18:32:52,691 - Data timestamp is 2023-01-08T20:32:52+0200
2023-01-08 18:32:52,691 - UPB.RPi_2.BAT 24
2023-01-08 18:32:52,691 - UPB.RPi_2.HUMID 44
2023-01-08 18:32:52,691 - UPB.RPi_2.TMP 17.2
2023-01-08 18:32:52,691 - UPB.RPi_2.timestamp 2023-01-08T20:32:52+0200
2023-01-08 18:32:53,692 - Received a message by topic Dorinel/Zeus
2023-01-08 18:32:53,692 - Data timestamp is NOW
2023-01-08 18:32:53,692 - Dorinel.Zeus.BAT 63
2023-01-08 18:32:53,692 - Dorinel.Zeus.HUMID 54
2023-01-08 18:32:53,692 - Dorinel.Zeus.TMP 17.8
2023-01-08 18:32:54,694 - Received a message by topic UPB/RPi_1
2023-01-08 18:32:54,694 - Data timestamp is NOW
2023-01-08 18:32:54,694 - UPB.RPi_1.BAT 51
2023-01-08 18:32:54,694 - UPB.RPi_1.HUMID 78
2023-01-08 18:32:54,694 - UPB.RPi_1.TMP 25.1
2023-01-08 18:32:55,696 - Received a message by topic UPB/Zeus
2023-01-08 18:32:55,697 - Data timestamp is 2023-01-08T20:32:55+0200
2023-01-08 18:32:55,697 - UPB.Zeus.BAT 64
2023-01-08 18:32:55,697 - UPB.Zeus.HUMID 54
2023-01-08 18:32:55,697 - UPB.Zeus.TMP 26.4
2023-01-08 18:32:55,697 - UPB.Zeus.timestamp 2023-01-08T20:32:55+0200
2023-01-08 18:32:56,700 - Received a message by topic Dorinel/RPi_3
2023-01-08 18:32:56,700 - Data timestamp is NOW
2023-01-08 18:32:56,700 - Dorinel.RPi_3.BAT 16
2023-01-08 18:32:56,703 - Dorinel.RPi_3.HUMID 75
2023-01-08 18:32:56,703 - Dorinel.RPi_3.TMP 21.0
2023-01-08 18:32:57,702 - Received a message by topic UPB/RPi_1
2023-01-08 18:32:57,702 - Data timestamp is 2023-01-08T20:32:57+0200
2023-01-08 18:32:57,702 - UPB.RPi_1.BAT 87
2023-01-08 18:32:57,702 - UPB.RPi_1.HUMID 50
2023-01-08 18:32:57,702 - UPB.RPi_1.TMP 26.2
2023-01-08 18:32:57,703 - UPB.RPi_1.timestamp 2023-01-08T20:32:57+0200
2023-01-08 18:32:58,704 - Received a message by topic UPB/RPi_3
2023-01-08 18:32:58,704 - Data timestamp is 2023-01-08T20:32:58+0200
2023-01-08 18:32:58,704 - UPB.RPi_3.BAT 64
2023-01-08 18:32:58,704 - UPB.RPi_3.HUMID 46
2023-01-08 18:32:58,704 - UPB.RPi_3.TMP 22.4
2023-01-08 18:32:58,704 - UPB.RPi_3.timestamp 2023-01-08T20:32:58+0200
2023-01-08 18:32:59,706 - Received a message by topic UPB/RPi_2
2023-01-08 18:32:59,706 - Data timestamp is 2023-01-08T20:32:59+0200
2023-01-08 18:32:59,706 - UPB.RPi_2.BAT 55
2023-01-08 18:32:59,706 - UPB.RPi_2.HUMID 74
2023-01-08 18:32:59,706 - UPB.RPi_2.TMP 25.8
2023-01-08 18:32:59,706 - UPB.RPi_2.timestamp 2023-01-08T20:32:59+0200
2023-01-08 18:33:00,710 - Received a message by topic Dorinel/RPi_3
2023-01-08 18:33:00,711 - Data timestamp is NOW
2023-01-08 18:33:00,711 - Dorinel.RPi_3.BAT 5
2023-01-08 18:33:00,711 - Dorinel.RPi_3.HUMID 20
2023-01-08 18:33:00,711 - Dorinel.RPi_3.TMP 17.8
2023-01-08 18:33:01,711 - Received a message by topic UPB/RPi_3
2023-01-08 18:33:01,711 - Data timestamp is 2023-01-08T20:33:01+0200
2023-01-08 18:33:01,711 - UPB.RPi_3.BAT 99
2023-01-08 18:33:01,711 - UPB.RPi_3.HUMID 73
2023-01-08 18:33:01,711 - UPB.RPi_3.TMP 16.5
2023-01-08 18:33:01,711 - UPB.RPi_3.timestamp 2023-01-08T20:33:01+0200
2023-01-08 18:33:02,715 - Received a message by topic Dorinel/Zeus
2023-01-08 18:33:02,715 - Data timestamp is NOW
2023-01-08 18:33:02,715 - Dorinel.Zeus.BAT 62
2023-01-08 18:33:02,715 - Dorinel.Zeus.HUMID 80
2023-01-08 18:33:02,715 - Dorinel.Zeus.TMP 22.3
2023-01-08 18:33:03,714 - Received a message by topic Dorinel/RPi_1
2023-01-08 18:33:03,715 - Data timestamp is NOW
2023-01-08 18:33:03,715 - Dorinel.RPi_1.BAT 75
2023-01-08 18:33:03,715 - Dorinel.RPi_1.HUMID 43
2023-01-08 18:33:03,715 - Dorinel.RPi_1.TMP 19.0
2023-01-08 18:33:04,717 - Received a message by topic Dorinel/RPi_2
2023-01-08 18:33:04,717 - Data timestamp is NOW
2023-01-08 18:33:04,717 - Dorinel.RPi_2.BAT 29
2023-01-08 18:33:04,717 - Dorinel.RPi_2.HUMID 66
2023-01-08 18:33:04,717 - Dorinel.RPi_2.TMP 20.0
2023-01-08 18:33:05,718 - Received a message by topic Dorinel/RPi_2
2023-01-08 18:33:05,719 - Data timestamp is NOW
2023-01-08 18:33:05,719 - Dorinel.RPi_2.BAT 33
2023-01-08 18:33:05,719 - Dorinel.RPi_2.HUMID 79
2023-01-08 18:33:05,719 - Dorinel.RPi_2.TMP 24.8
2023-01-08 18:33:06,721 - Received a message by topic UPB/RPi_1
2023-01-08 18:33:06,721 - Data timestamp is 2023-01-08T20:33:06+0200
2023-01-08 18:33:06,721 - UPB.RPi_1.BAT 96
2023-01-08 18:33:06,721 - UPB.RPi_1.HUMID 26
2023-01-08 18:33:06,721 - UPB.RPi_1.TMP 17.6
2023-01-08 18:33:06,721 - UPB.RPi_1.timestamp 2023-01-08T20:33:06+0200
2023-01-08 18:33:07,722 - Received a message by topic Dorinel/RPi_2
2023-01-08 18:33:07,722 - Data timestamp is NOW
2023-01-08 18:33:07,722 - Dorinel.RPi_2.BAT 18
2023-01-08 18:33:07,722 - Dorinel.RPi_2.HUMID 41
2023-01-08 18:33:07,723 - Dorinel.RPi_2.TMP 24.4
2023-01-08 18:33:08,724 - Received a message by topic Dorinel/RPi_2
2023-01-08 18:33:08,724 - Data timestamp is 2023-01-08T20:33:08+0200
2023-01-08 18:33:08,724 - Dorinel.RPi_2.BAT 84
2023-01-08 18:33:08,724 - Dorinel.RPi_2.HUMID 56
2023-01-08 18:33:08,724 - Dorinel.RPi_2.TMP 26.4
2023-01-08 18:33:08,724 - Dorinel.RPi_2.timestamp 2023-01-08T20:33:08+0200
2023-01-08 18:33:09,726 - Received a message by topic Dorinel/RPi_3
2023-01-08 18:33:09,726 - Data timestamp is 2023-01-08T20:33:09+0200
2023-01-08 18:33:09,726 - Dorinel.RPi_3.BAT 21
2023-01-08 18:33:09,726 - Dorinel.RPi_3.HUMID 22
2023-01-08 18:33:09,726 - Dorinel.RPi_3.TMP 23.2
2023-01-08 18:33:09,726 - Dorinel.RPi_3.timestamp 2023-01-08T20:33:09+0200
2023-01-08 18:33:10,728 - Received a message by topic Dorinel/RPi_1
2023-01-08 18:33:10,728 - Data timestamp is NOW
2023-01-08 18:33:10,728 - Dorinel.RPi_1.BAT 2
2023-01-08 18:33:10,728 - Dorinel.RPi_1.HUMID 53
2023-01-08 18:33:10,728 - Dorinel.RPi_1.TMP 20.6
2023-01-08 18:33:11,730 - Received a message by topic Dorinel/RPi_1
2023-01-08 18:33:11,730 - Data timestamp is 2023-01-08T20:33:11+0200
2023-01-08 18:33:11,730 - Dorinel.RPi_1.BAT 73
2023-01-08 18:33:11,730 - Dorinel.RPi_1.HUMID 49
2023-01-08 18:33:11,730 - Dorinel.RPi_1.TMP 23.1
2023-01-08 18:33:11,730 - Dorinel.RPi_1.timestamp 2023-01-08T20:33:11+0200
2023-01-08 18:33:12,733 - Received a message by topic Dorinel/RPi_2
2023-01-08 18:33:12,733 - Data timestamp is NOW
2023-01-08 18:33:12,733 - Dorinel.RPi_2.BAT 73
2023-01-08 18:33:12,733 - Dorinel.RPi_2.HUMID 50
2023-01-08 18:33:12,733 - Dorinel.RPi_2.TMP 15.9
2023-01-08 18:33:13,735 - Received a message by topic Dorinel/RPi_3
2023-01-08 18:33:13,735 - Data timestamp is NOW
2023-01-08 18:33:13,735 - Dorinel.RPi_3.BAT 77
2023-01-08 18:33:13,735 - Dorinel.RPi_3.HUMID 21
2023-01-08 18:33:13,735 - Dorinel.RPi_3.TMP 16.6
2023-01-08 18:33:14,736 - Received a message by topic UPB/Zeus
2023-01-08 18:33:14,736 - Data timestamp is NOW
2023-01-08 18:33:14,736 - UPB.Zeus.BAT 38
2023-01-08 18:33:14,736 - UPB.Zeus.HUMID 73
2023-01-08 18:33:14,736 - UPB.Zeus.TMP 24.7
2023-01-08 18:33:15,743 - Received a message by topic Dorinel/Zeus
2023-01-08 18:33:15,743 - Data timestamp is 2023-01-08T20:33:15+0200
2023-01-08 18:33:15,743 - Dorinel.Zeus.BAT 20
2023-01-08 18:33:15,743 - Dorinel.Zeus.HUMID 47
2023-01-08 18:33:15,743 - Dorinel.Zeus.TMP 24.4
2023-01-08 18:33:15,743 - Dorinel.Zeus.timestamp 2023-01-08T20:33:15+0200
2023-01-08 18:33:16,744 - Received a message by topic UPB/Zeus
2023-01-08 18:33:16,744 - Data timestamp is NOW
2023-01-08 18:33:16,744 - UPB.Zeus.BAT 28
2023-01-08 18:33:16,744 - UPB.Zeus.HUMID 65
2023-01-08 18:33:16,744 - UPB.Zeus.TMP 26.7
2023-01-08 18:33:17,746 - Received a message by topic Dorinel/RPi_2
2023-01-08 18:33:17,746 - Data timestamp is NOW
2023-01-08 18:33:17,746 - Dorinel.RPi_2.BAT 71
2023-01-08 18:33:17,746 - Dorinel.RPi_2.HUMID 36
2023-01-08 18:33:17,746 - Dorinel.RPi_2.TMP 25.6
2023-01-08 18:33:18,748 - Received a message by topic Dorinel/Zeus
2023-01-08 18:33:18,748 - Data timestamp is NOW
2023-01-08 18:33:18,749 - Dorinel.Zeus.BAT 28
2023-01-08 18:33:18,749 - Dorinel.Zeus.HUMID 74
2023-01-08 18:33:18,749 - Dorinel.Zeus.TMP 19.4
2023-01-08 18:33:19,750 - Received a message by topic Dorinel/RPi_3
2023-01-08 18:33:19,750 - Data timestamp is NOW
2023-01-08 18:33:19,750 - Dorinel.RPi_3.BAT 90
2023-01-08 18:33:19,750 - Dorinel.RPi_3.HUMID 22
2023-01-08 18:33:19,750 - Dorinel.RPi_3.TMP 27.9
2023-01-08 18:33:20,752 - Received a message by topic Dorinel/RPi_2
2023-01-08 18:33:20,753 - Data timestamp is 2023-01-08T20:33:20+0200
2023-01-08 18:33:20,753 - Dorinel.RPi_2.BAT 95
2023-01-08 18:33:20,753 - Dorinel.RPi_2.HUMID 50
2023-01-08 18:33:20,753 - Dorinel.RPi_2.TMP 16.2
2023-01-08 18:33:20,754 - Dorinel.RPi_2.timestamp 2023-01-08T20:33:20+0200
2023-01-08 18:33:21,754 - Received a message by topic Dorinel/RPi_2
2023-01-08 18:33:21,754 - Data timestamp is 2023-01-08T20:33:21+0200
2023-01-08 18:33:21,754 - Dorinel.RPi_2.BAT 45
2023-01-08 18:33:21,754 - Dorinel.RPi_2.HUMID 44
2023-01-08 18:33:21,754 - Dorinel.RPi_2.TMP 25.7
2023-01-08 18:33:21,754 - Dorinel.RPi_2.timestamp 2023-01-08T20:33:21+0200
2023-01-08 18:33:22,756 - Received a message by topic Dorinel/RPi_3
2023-01-08 18:33:22,756 - Data timestamp is NOW
2023-01-08 18:33:22,756 - Dorinel.RPi_3.BAT 73
2023-01-08 18:33:22,756 - Dorinel.RPi_3.HUMID 58
2023-01-08 18:33:22,756 - Dorinel.RPi_3.TMP 19.8
2023-01-08 18:33:23,759 - Received a message by topic UPB/Zeus
2023-01-08 18:33:23,759 - Data timestamp is NOW
2023-01-08 18:33:23,759 - UPB.Zeus.BAT 30
2023-01-08 18:33:23,760 - UPB.Zeus.HUMID 52
2023-01-08 18:33:23,760 - UPB.Zeus.TMP 17.1
2023-01-08 18:33:24,762 - Received a message by topic UPB/RPi_1
2023-01-08 18:33:24,762 - Data timestamp is 2023-01-08T20:33:24+0200
2023-01-08 18:33:24,763 - UPB.RPi_1.BAT 9
2023-01-08 18:33:24,763 - UPB.RPi_1.HUMID 55
2023-01-08 18:33:24,763 - UPB.RPi_1.TMP 18.2
2023-01-08 18:33:24,763 - UPB.RPi_1.timestamp 2023-01-08T20:33:24+0200
2023-01-08 18:33:25,765 - Received a message by topic Dorinel/RPi_1
2023-01-08 18:33:25,765 - Data timestamp is 2023-01-08T20:33:25+0200
2023-01-08 18:33:25,765 - Dorinel.RPi_1.BAT 87
2023-01-08 18:33:25,765 - Dorinel.RPi_1.HUMID 33
2023-01-08 18:33:25,765 - Dorinel.RPi_1.TMP 18.4
2023-01-08 18:33:25,765 - Dorinel.RPi_1.timestamp 2023-01-08T20:33:25+0200
2023-01-08 18:33:26,768 - Received a message by topic UPB/RPi_3
2023-01-08 18:33:26,768 - Data timestamp is NOW
2023-01-08 18:33:26,768 - UPB.RPi_3.BAT 93
2023-01-08 18:33:26,768 - UPB.RPi_3.HUMID 42
2023-01-08 18:33:26,768 - UPB.RPi_3.TMP 21.2
2023-01-08 18:33:27,770 - Received a message by topic Dorinel/RPi_1
2023-01-08 18:33:27,771 - Data timestamp is 2023-01-08T20:33:27+0200
2023-01-08 18:33:27,771 - Dorinel.RPi_1.BAT 21
2023-01-08 18:33:27,771 - Dorinel.RPi_1.HUMID 59
2023-01-08 18:33:27,771 - Dorinel.RPi_1.TMP 21.9
2023-01-08 18:33:27,771 - Dorinel.RPi_1.timestamp 2023-01-08T20:33:27+0200
2023-01-08 18:33:28,773 - Received a message by topic UPB/RPi_1
2023-01-08 18:33:28,773 - Data timestamp is 2023-01-08T20:33:28+0200
2023-01-08 18:33:28,773 - UPB.RPi_1.BAT 4
2023-01-08 18:33:28,773 - UPB.RPi_1.HUMID 71
2023-01-08 18:33:28,773 - UPB.RPi_1.TMP 26.9
2023-01-08 18:33:28,773 - UPB.RPi_1.timestamp 2023-01-08T20:33:28+0200
2023-01-08 18:33:29,775 - Received a message by topic UPB/Zeus
2023-01-08 18:33:29,775 - Data timestamp is NOW
2023-01-08 18:33:29,775 - UPB.Zeus.BAT 94
2023-01-08 18:33:29,775 - UPB.Zeus.HUMID 37
2023-01-08 18:33:29,775 - UPB.Zeus.TMP 27.4
2023-01-08 18:33:30,776 - Received a message by topic UPB/RPi_1
2023-01-08 18:33:30,776 - Data timestamp is 2023-01-08T20:33:30+0200
2023-01-08 18:33:30,776 - UPB.RPi_1.BAT 62
2023-01-08 18:33:30,776 - UPB.RPi_1.HUMID 42
2023-01-08 18:33:30,776 - UPB.RPi_1.TMP 25.4
2023-01-08 18:33:30,776 - UPB.RPi_1.timestamp 2023-01-08T20:33:30+0200
2023-01-08 18:33:31,782 - Received a message by topic Dorinel/RPi_1
2023-01-08 18:33:31,782 - Data timestamp is 2023-01-08T20:33:31+0200
2023-01-08 18:33:31,782 - Dorinel.RPi_1.BAT 23
2023-01-08 18:33:31,782 - Dorinel.RPi_1.HUMID 29
2023-01-08 18:33:31,782 - Dorinel.RPi_1.TMP 22.6
2023-01-08 18:33:31,782 - Dorinel.RPi_1.timestamp 2023-01-08T20:33:31+0200
2023-01-08 18:33:32,784 - Received a message by topic UPB/RPi_2
2023-01-08 18:33:32,784 - Data timestamp is NOW
2023-01-08 18:33:32,784 - UPB.RPi_2.BAT 85
2023-01-08 18:33:32,784 - UPB.RPi_2.HUMID 46
2023-01-08 18:33:32,784 - UPB.RPi_2.TMP 15.1
2023-01-08 18:33:33,787 - Received a message by topic Dorinel/Zeus
2023-01-08 18:33:33,787 - Data timestamp is NOW
2023-01-08 18:33:33,787 - Dorinel.Zeus.BAT 61
2023-01-08 18:33:33,787 - Dorinel.Zeus.HUMID 39
2023-01-08 18:33:33,787 - Dorinel.Zeus.TMP 24.8
2023-01-08 18:33:34,788 - Received a message by topic Dorinel/RPi_1
2023-01-08 18:33:34,789 - Data timestamp is NOW
2023-01-08 18:33:34,789 - Dorinel.RPi_1.BAT 15
2023-01-08 18:33:34,789 - Dorinel.RPi_1.HUMID 34
2023-01-08 18:33:34,789 - Dorinel.RPi_1.TMP 16.8
2023-01-08 18:33:35,790 - Received a message by topic Dorinel/RPi_2
2023-01-08 18:33:35,790 - Data timestamp is 2023-01-08T20:33:35+0200
2023-01-08 18:33:35,790 - Dorinel.RPi_2.BAT 62
2023-01-08 18:33:35,791 - Dorinel.RPi_2.HUMID 65
2023-01-08 18:33:35,791 - Dorinel.RPi_2.TMP 20.8
2023-01-08 18:33:35,791 - Dorinel.RPi_2.timestamp 2023-01-08T20:33:35+0200
2023-01-08 18:33:36,792 - Received a message by topic UPB/RPi_2
2023-01-08 18:33:36,792 - Data timestamp is NOW
2023-01-08 18:33:36,793 - UPB.RPi_2.BAT 23
2023-01-08 18:33:36,793 - UPB.RPi_2.HUMID 76
2023-01-08 18:33:36,793 - UPB.RPi_2.TMP 21.0
2023-01-08 18:33:37,794 - Received a message by topic Dorinel/RPi_2
2023-01-08 18:33:37,794 - Data timestamp is NOW
2023-01-08 18:33:37,794 - Dorinel.RPi_2.BAT 5
2023-01-08 18:33:37,794 - Dorinel.RPi_2.HUMID 63
2023-01-08 18:33:37,794 - Dorinel.RPi_2.TMP 16.6
2023-01-08 18:33:38,796 - Received a message by topic UPB/RPi_1
2023-01-08 18:33:38,796 - Data timestamp is 2023-01-08T20:33:38+0200
2023-01-08 18:33:38,797 - UPB.RPi_1.BAT 33
2023-01-08 18:33:38,797 - UPB.RPi_1.HUMID 51
2023-01-08 18:33:38,797 - UPB.RPi_1.TMP 27.9
2023-01-08 18:33:38,797 - UPB.RPi_1.timestamp 2023-01-08T20:33:38+0200
2023-01-08 18:33:39,798 - Received a message by topic UPB/RPi_1
2023-01-08 18:33:39,798 - Data timestamp is NOW
2023-01-08 18:33:39,798 - UPB.RPi_1.BAT 20
2023-01-08 18:33:39,798 - UPB.RPi_1.HUMID 29
2023-01-08 18:33:39,798 - UPB.RPi_1.TMP 27.4
2023-01-08 18:33:40,801 - Received a message by topic Dorinel/RPi_3
2023-01-08 18:33:40,802 - Data timestamp is NOW
2023-01-08 18:33:40,802 - Dorinel.RPi_3.BAT 14
2023-01-08 18:33:40,802 - Dorinel.RPi_3.HUMID 80
2023-01-08 18:33:40,802 - Dorinel.RPi_3.TMP 16.5
2023-01-08 18:33:41,802 - Received a message by topic Dorinel/Zeus
2023-01-08 18:33:41,803 - Data timestamp is 2023-01-08T20:33:41+0200
2023-01-08 18:33:41,803 - Dorinel.Zeus.BAT 24
2023-01-08 18:33:41,803 - Dorinel.Zeus.HUMID 77
2023-01-08 18:33:41,803 - Dorinel.Zeus.TMP 24.3
2023-01-08 18:33:41,803 - Dorinel.Zeus.timestamp 2023-01-08T20:33:41+0200
2023-01-08 18:33:42,805 - Received a message by topic Dorinel/RPi_3
2023-01-08 18:33:42,805 - Data timestamp is 2023-01-08T20:33:42+0200
2023-01-08 18:33:42,805 - Dorinel.RPi_3.BAT 61
2023-01-08 18:33:42,805 - Dorinel.RPi_3.HUMID 77
2023-01-08 18:33:42,805 - Dorinel.RPi_3.TMP 17.2
2023-01-08 18:33:42,805 - Dorinel.RPi_3.timestamp 2023-01-08T20:33:42+0200
2023-01-08 18:33:43,809 - Received a message by topic UPB/RPi_1
2023-01-08 18:33:43,809 - Data timestamp is 2023-01-08T20:33:43+0200
2023-01-08 18:33:43,809 - UPB.RPi_1.BAT 68
2023-01-08 18:33:43,809 - UPB.RPi_1.HUMID 59
2023-01-08 18:33:43,809 - UPB.RPi_1.TMP 25.9
2023-01-08 18:33:43,810 - UPB.RPi_1.timestamp 2023-01-08T20:33:43+0200
2023-01-08 18:33:44,809 - Received a message by topic Dorinel/Zeus
2023-01-08 18:33:44,809 - Data timestamp is 2023-01-08T20:33:44+0200
2023-01-08 18:33:44,810 - Dorinel.Zeus.BAT 47
2023-01-08 18:33:44,810 - Dorinel.Zeus.HUMID 25
2023-01-08 18:33:44,810 - Dorinel.Zeus.TMP 26.7
2023-01-08 18:33:44,810 - Dorinel.Zeus.timestamp 2023-01-08T20:33:44+0200
2023-01-08 18:33:45,811 - Received a message by topic Dorinel/RPi_2
2023-01-08 18:33:45,811 - Data timestamp is 2023-01-08T20:33:45+0200
2023-01-08 18:33:45,811 - Dorinel.RPi_2.BAT 29
2023-01-08 18:33:45,811 - Dorinel.RPi_2.HUMID 40
2023-01-08 18:33:45,812 - Dorinel.RPi_2.TMP 27.9
2023-01-08 18:33:45,812 - Dorinel.RPi_2.timestamp 2023-01-08T20:33:45+0200
2023-01-08 18:33:46,814 - Received a message by topic UPB/RPi_2
2023-01-08 18:33:46,814 - Data timestamp is 2023-01-08T20:33:46+0200
2023-01-08 18:33:46,814 - UPB.RPi_2.BAT 83
2023-01-08 18:33:46,814 - UPB.RPi_2.HUMID 40
2023-01-08 18:33:46,814 - UPB.RPi_2.TMP 26.6
2023-01-08 18:33:46,815 - UPB.RPi_2.timestamp 2023-01-08T20:33:46+0200
2023-01-08 18:33:47,816 - Received a message by topic UPB/RPi_3
2023-01-08 18:33:47,816 - Data timestamp is NOW
2023-01-08 18:33:47,816 - UPB.RPi_3.BAT 54
2023-01-08 18:33:47,816 - UPB.RPi_3.HUMID 46
2023-01-08 18:33:47,816 - UPB.RPi_3.TMP 27.5
2023-01-08 18:33:48,817 - Received a message by topic Dorinel/Zeus
2023-01-08 18:33:48,817 - Data timestamp is NOW
2023-01-08 18:33:48,817 - Dorinel.Zeus.BAT 99
2023-01-08 18:33:48,817 - Dorinel.Zeus.HUMID 55
2023-01-08 18:33:48,818 - Dorinel.Zeus.TMP 20.3
2023-01-08 18:33:49,819 - Received a message by topic UPB/RPi_2
2023-01-08 18:33:49,819 - Data timestamp is 2023-01-08T20:33:49+0200
2023-01-08 18:33:49,819 - UPB.RPi_2.BAT 5
2023-01-08 18:33:49,819 - UPB.RPi_2.HUMID 63
2023-01-08 18:33:49,819 - UPB.RPi_2.TMP 25.5
2023-01-08 18:33:49,819 - UPB.RPi_2.timestamp 2023-01-08T20:33:49+0200
2023-01-08 18:33:50,820 - Received a message by topic UPB/RPi_3
2023-01-08 18:33:50,820 - Data timestamp is 2023-01-08T20:33:50+0200
2023-01-08 18:33:50,820 - UPB.RPi_3.BAT 57
2023-01-08 18:33:50,820 - UPB.RPi_3.HUMID 37
2023-01-08 18:33:50,821 - UPB.RPi_3.TMP 19.5
2023-01-08 18:33:50,821 - UPB.RPi_3.timestamp 2023-01-08T20:33:50+0200
2023-01-08 18:33:51,822 - Received a message by topic UPB/Zeus
2023-01-08 18:33:51,822 - Data timestamp is NOW
2023-01-08 18:33:51,822 - UPB.Zeus.BAT 16
2023-01-08 18:33:51,823 - UPB.Zeus.HUMID 30
2023-01-08 18:33:51,823 - UPB.Zeus.TMP 21.4
2023-01-08 18:33:52,824 - Received a message by topic Dorinel/RPi_3
2023-01-08 18:33:52,824 - Data timestamp is 2023-01-08T20:33:52+0200
2023-01-08 18:33:52,824 - Dorinel.RPi_3.BAT 15
2023-01-08 18:33:52,824 - Dorinel.RPi_3.HUMID 27
2023-01-08 18:33:52,824 - Dorinel.RPi_3.TMP 17.1
2023-01-08 18:33:52,824 - Dorinel.RPi_3.timestamp 2023-01-08T20:33:52+0200
2023-01-08 18:33:53,826 - Received a message by topic Dorinel/RPi_3
2023-01-08 18:33:53,826 - Data timestamp is 2023-01-08T20:33:53+0200
2023-01-08 18:33:53,826 - Dorinel.RPi_3.BAT 35
2023-01-08 18:33:53,826 - Dorinel.RPi_3.HUMID 20
2023-01-08 18:33:53,827 - Dorinel.RPi_3.TMP 23.1
2023-01-08 18:33:53,827 - Dorinel.RPi_3.timestamp 2023-01-08T20:33:53+0200
2023-01-08 18:33:54,828 - Received a message by topic UPB/Zeus
2023-01-08 18:33:54,828 - Data timestamp is 2023-01-08T20:33:54+0200
2023-01-08 18:33:54,828 - UPB.Zeus.BAT 57
2023-01-08 18:33:54,828 - UPB.Zeus.HUMID 61
2023-01-08 18:33:54,828 - UPB.Zeus.TMP 24.6
2023-01-08 18:33:54,828 - UPB.Zeus.timestamp 2023-01-08T20:33:54+0200
2023-01-08 18:33:55,830 - Received a message by topic Dorinel/RPi_3
2023-01-08 18:33:55,830 - Data timestamp is 2023-01-08T20:33:55+0200
2023-01-08 18:33:55,830 - Dorinel.RPi_3.BAT 81
2023-01-08 18:33:55,830 - Dorinel.RPi_3.HUMID 70
2023-01-08 18:33:55,830 - Dorinel.RPi_3.TMP 15.5
2023-01-08 18:33:55,830 - Dorinel.RPi_3.timestamp 2023-01-08T20:33:55+0200
2023-01-08 18:33:56,832 - Received a message by topic Dorinel/Zeus
2023-01-08 18:33:56,832 - Data timestamp is 2023-01-08T20:33:56+0200
2023-01-08 18:33:56,832 - Dorinel.Zeus.BAT 61
2023-01-08 18:33:56,832 - Dorinel.Zeus.HUMID 44
2023-01-08 18:33:56,832 - Dorinel.Zeus.TMP 16.0
2023-01-08 18:33:56,833 - Dorinel.Zeus.timestamp 2023-01-08T20:33:56+0200
2023-01-08 18:33:57,834 - Received a message by topic Dorinel/RPi_1
2023-01-08 18:33:57,834 - Data timestamp is 2023-01-08T20:33:57+0200
2023-01-08 18:33:57,834 - Dorinel.RPi_1.BAT 22
2023-01-08 18:33:57,835 - Dorinel.RPi_1.HUMID 78
2023-01-08 18:33:57,835 - Dorinel.RPi_1.TMP 15.0
2023-01-08 18:33:57,835 - Dorinel.RPi_1.timestamp 2023-01-08T20:33:57+0200
2023-01-08 18:33:58,836 - Received a message by topic UPB/RPi_3
2023-01-08 18:33:58,836 - Data timestamp is NOW
2023-01-08 18:33:58,837 - UPB.RPi_3.BAT 97
2023-01-08 18:33:58,837 - UPB.RPi_3.HUMID 72
2023-01-08 18:33:58,837 - UPB.RPi_3.TMP 27.5
2023-01-08 18:33:59,838 - Received a message by topic UPB/RPi_1
2023-01-08 18:33:59,838 - Data timestamp is NOW
2023-01-08 18:33:59,838 - UPB.RPi_1.BAT 28
2023-01-08 18:33:59,838 - UPB.RPi_1.HUMID 37
2023-01-08 18:33:59,839 - UPB.RPi_1.TMP 18.7
2023-01-08 18:34:00,840 - Received a message by topic UPB/Zeus
2023-01-08 18:34:00,841 - Data timestamp is 2023-01-08T20:34:00+0200
2023-01-08 18:34:00,841 - UPB.Zeus.BAT 1
2023-01-08 18:34:00,841 - UPB.Zeus.HUMID 40
2023-01-08 18:34:00,841 - UPB.Zeus.TMP 27.5
2023-01-08 18:34:00,841 - UPB.Zeus.timestamp 2023-01-08T20:34:00+0200
2023-01-08 18:34:01,841 - Received a message by topic Dorinel/RPi_1
2023-01-08 18:34:01,842 - Data timestamp is NOW
2023-01-08 18:34:01,842 - Dorinel.RPi_1.BAT 22
2023-01-08 18:34:01,842 - Dorinel.RPi_1.HUMID 76
2023-01-08 18:34:01,842 - Dorinel.RPi_1.TMP 19.9
2023-01-08 18:34:02,843 - Received a message by topic UPB/RPi_2
2023-01-08 18:34:02,844 - Data timestamp is NOW
2023-01-08 18:34:02,844 - UPB.RPi_2.BAT 21
2023-01-08 18:34:02,844 - UPB.RPi_2.HUMID 67
2023-01-08 18:34:02,844 - UPB.RPi_2.TMP 18.9
2023-01-08 18:34:03,846 - Received a message by topic Dorinel/RPi_2
2023-01-08 18:34:03,846 - Data timestamp is NOW
2023-01-08 18:34:03,846 - Dorinel.RPi_2.BAT 51
2023-01-08 18:34:03,846 - Dorinel.RPi_2.HUMID 45
2023-01-08 18:34:03,847 - Dorinel.RPi_2.TMP 16.9
2023-01-08 18:34:04,849 - Received a message by topic UPB/RPi_1
2023-01-08 18:34:04,849 - Data timestamp is 2023-01-08T20:34:04+0200
2023-01-08 18:34:04,849 - UPB.RPi_1.BAT 66
2023-01-08 18:34:04,849 - UPB.RPi_1.HUMID 51
2023-01-08 18:34:04,849 - UPB.RPi_1.TMP 20.4
2023-01-08 18:34:04,849 - UPB.RPi_1.timestamp 2023-01-08T20:34:04+0200
2023-01-08 18:34:05,851 - Received a message by topic Dorinel/RPi_3
2023-01-08 18:34:05,852 - Data timestamp is 2023-01-08T20:34:05+0200
2023-01-08 18:34:05,852 - Dorinel.RPi_3.BAT 63
2023-01-08 18:34:05,852 - Dorinel.RPi_3.HUMID 26
2023-01-08 18:34:05,852 - Dorinel.RPi_3.TMP 26.0
2023-01-08 18:34:05,852 - Dorinel.RPi_3.timestamp 2023-01-08T20:34:05+0200
2023-01-08 18:34:06,852 - Received a message by topic Dorinel/RPi_1
2023-01-08 18:34:06,852 - Data timestamp is 2023-01-08T20:34:06+0200
2023-01-08 18:34:06,853 - Dorinel.RPi_1.BAT 30
2023-01-08 18:34:06,853 - Dorinel.RPi_1.HUMID 63
2023-01-08 18:34:06,853 - Dorinel.RPi_1.TMP 21.5
2023-01-08 18:34:06,853 - Dorinel.RPi_1.timestamp 2023-01-08T20:34:06+0200
2023-01-08 18:34:07,862 - Received a message by topic Dorinel/RPi_2
2023-01-08 18:34:07,862 - Data timestamp is 2023-01-08T20:34:07+0200
2023-01-08 18:34:07,862 - Dorinel.RPi_2.BAT 45
2023-01-08 18:34:07,862 - Dorinel.RPi_2.HUMID 68
2023-01-08 18:34:07,862 - Dorinel.RPi_2.TMP 17.5
2023-01-08 18:34:07,863 - Dorinel.RPi_2.timestamp 2023-01-08T20:34:07+0200
2023-01-08 18:34:08,866 - Received a message by topic Dorinel/RPi_3
2023-01-08 18:34:08,866 - Data timestamp is NOW
2023-01-08 18:34:08,866 - Dorinel.RPi_3.BAT 68
2023-01-08 18:34:08,866 - Dorinel.RPi_3.HUMID 70
2023-01-08 18:34:08,866 - Dorinel.RPi_3.TMP 15.0
2023-01-08 18:34:09,867 - Received a message by topic Dorinel/RPi_2
2023-01-08 18:34:09,868 - Data timestamp is NOW
2023-01-08 18:34:09,868 - Dorinel.RPi_2.BAT 53
2023-01-08 18:34:09,868 - Dorinel.RPi_2.HUMID 33
2023-01-08 18:34:09,868 - Dorinel.RPi_2.TMP 22.4
2023-01-08 18:34:10,870 - Received a message by topic Dorinel/RPi_2
2023-01-08 18:34:10,870 - Data timestamp is NOW
2023-01-08 18:34:10,870 - Dorinel.RPi_2.BAT 75
2023-01-08 18:34:10,870 - Dorinel.RPi_2.HUMID 24
2023-01-08 18:34:10,870 - Dorinel.RPi_2.TMP 16.6
2023-01-08 18:34:11,884 - Received a message by topic Dorinel/RPi_1
2023-01-08 18:34:11,884 - Data timestamp is NOW
2023-01-08 18:34:11,884 - Dorinel.RPi_1.BAT 14
2023-01-08 18:34:11,884 - Dorinel.RPi_1.HUMID 64
2023-01-08 18:34:11,885 - Dorinel.RPi_1.TMP 27.1
2023-01-08 18:34:12,890 - Received a message by topic Dorinel/RPi_1
2023-01-08 18:34:12,890 - Data timestamp is NOW
2023-01-08 18:34:12,891 - Dorinel.RPi_1.BAT 41
2023-01-08 18:34:12,891 - Dorinel.RPi_1.HUMID 68
2023-01-08 18:34:12,891 - Dorinel.RPi_1.TMP 27.5
2023-01-08 18:34:13,896 - Received a message by topic UPB/RPi_1
2023-01-08 18:34:13,896 - Data timestamp is 2023-01-08T20:34:13+0200
2023-01-08 18:34:13,896 - UPB.RPi_1.BAT 99
2023-01-08 18:34:13,896 - UPB.RPi_1.HUMID 57
2023-01-08 18:34:13,897 - UPB.RPi_1.TMP 25.9
2023-01-08 18:34:13,897 - UPB.RPi_1.timestamp 2023-01-08T20:34:13+0200
2023-01-08 18:34:14,898 - Received a message by topic Dorinel/RPi_3
2023-01-08 18:34:14,899 - Data timestamp is 2023-01-08T20:34:14+0200
2023-01-08 18:34:14,899 - Dorinel.RPi_3.BAT 45
2023-01-08 18:34:14,899 - Dorinel.RPi_3.HUMID 66
2023-01-08 18:34:14,899 - Dorinel.RPi_3.TMP 25.8
2023-01-08 18:34:14,899 - Dorinel.RPi_3.timestamp 2023-01-08T20:34:14+0200
2023-01-08 18:34:15,901 - Received a message by topic Dorinel/RPi_3
2023-01-08 18:34:15,901 - Data timestamp is 2023-01-08T20:34:15+0200
2023-01-08 18:34:15,901 - Dorinel.RPi_3.BAT 71
2023-01-08 18:34:15,901 - Dorinel.RPi_3.HUMID 73
2023-01-08 18:34:15,901 - Dorinel.RPi_3.TMP 18.3
2023-01-08 18:34:15,901 - Dorinel.RPi_3.timestamp 2023-01-08T20:34:15+0200
2023-01-08 18:34:16,906 - Received a message by topic UPB/RPi_2
2023-01-08 18:34:16,906 - Data timestamp is 2023-01-08T20:34:16+0200
2023-01-08 18:34:16,906 - UPB.RPi_2.BAT 25
2023-01-08 18:34:16,906 - UPB.RPi_2.HUMID 59
2023-01-08 18:34:16,906 - UPB.RPi_2.TMP 24.2
2023-01-08 18:34:16,906 - UPB.RPi_2.timestamp 2023-01-08T20:34:16+0200
2023-01-08 18:34:17,908 - Received a message by topic Dorinel/RPi_2
2023-01-08 18:34:17,908 - Data timestamp is NOW
2023-01-08 18:34:17,909 - Dorinel.RPi_2.BAT 94
2023-01-08 18:34:17,909 - Dorinel.RPi_2.HUMID 61
2023-01-08 18:34:17,909 - Dorinel.RPi_2.TMP 17.3
2023-01-08 18:34:18,912 - Received a message by topic Dorinel/RPi_1
2023-01-08 18:34:18,913 - Data timestamp is NOW
2023-01-08 18:34:18,913 - Dorinel.RPi_1.BAT 25
2023-01-08 18:34:18,913 - Dorinel.RPi_1.HUMID 69
2023-01-08 18:34:18,913 - Dorinel.RPi_1.TMP 16.0
2023-01-08 18:34:19,914 - Received a message by topic UPB/RPi_3
2023-01-08 18:34:19,915 - Data timestamp is NOW
2023-01-08 18:34:19,915 - UPB.RPi_3.BAT 7
2023-01-08 18:34:19,915 - UPB.RPi_3.HUMID 46
2023-01-08 18:34:19,915 - UPB.RPi_3.TMP 18.6
2023-01-08 18:34:20,916 - Received a message by topic Dorinel/RPi_3
2023-01-08 18:34:20,916 - Data timestamp is 2023-01-08T20:34:20+0200
2023-01-08 18:34:20,916 - Dorinel.RPi_3.BAT 99
2023-01-08 18:34:20,916 - Dorinel.RPi_3.HUMID 54
2023-01-08 18:34:20,916 - Dorinel.RPi_3.TMP 18.9
2023-01-08 18:34:20,917 - Dorinel.RPi_3.timestamp 2023-01-08T20:34:20+0200
2023-01-08 18:34:21,918 - Received a message by topic Dorinel/RPi_1
2023-01-08 18:34:21,918 - Data timestamp is 2023-01-08T20:34:21+0200
2023-01-08 18:34:21,919 - Dorinel.RPi_1.BAT 96
2023-01-08 18:34:21,919 - Dorinel.RPi_1.HUMID 70
2023-01-08 18:34:21,919 - Dorinel.RPi_1.TMP 16.7
2023-01-08 18:34:21,919 - Dorinel.RPi_1.timestamp 2023-01-08T20:34:21+0200
2023-01-08 18:34:22,920 - Received a message by topic Dorinel/RPi_2
2023-01-08 18:34:22,921 - Data timestamp is NOW
2023-01-08 18:34:22,921 - Dorinel.RPi_2.BAT 7
2023-01-08 18:34:22,921 - Dorinel.RPi_2.HUMID 74
2023-01-08 18:34:22,921 - Dorinel.RPi_2.TMP 24.7
2023-01-08 18:34:23,926 - Received a message by topic UPB/RPi_1
2023-01-08 18:34:23,927 - Data timestamp is 2023-01-08T20:34:23+0200
2023-01-08 18:34:23,927 - UPB.RPi_1.BAT 53
2023-01-08 18:34:23,927 - UPB.RPi_1.HUMID 38
2023-01-08 18:34:23,928 - UPB.RPi_1.TMP 27.7
2023-01-08 18:34:23,928 - UPB.RPi_1.timestamp 2023-01-08T20:34:23+0200
2023-01-08 18:34:24,936 - Received a message by topic UPB/RPi_1
2023-01-08 18:34:24,936 - Data timestamp is 2023-01-08T20:34:24+0200
2023-01-08 18:34:24,936 - UPB.RPi_1.BAT 57
2023-01-08 18:34:24,936 - UPB.RPi_1.HUMID 32
2023-01-08 18:34:24,936 - UPB.RPi_1.TMP 20.3
2023-01-08 18:34:24,936 - UPB.RPi_1.timestamp 2023-01-08T20:34:24+0200
2023-01-08 18:34:25,938 - Received a message by topic UPB/RPi_2
2023-01-08 18:34:25,938 - Data timestamp is 2023-01-08T20:34:25+0200
2023-01-08 18:34:25,938 - UPB.RPi_2.BAT 37
2023-01-08 18:34:25,938 - UPB.RPi_2.HUMID 32
2023-01-08 18:34:25,938 - UPB.RPi_2.TMP 18.2
2023-01-08 18:34:25,938 - UPB.RPi_2.timestamp 2023-01-08T20:34:25+0200
2023-01-08 18:34:26,942 - Received a message by topic Dorinel/Zeus
2023-01-08 18:34:26,943 - Data timestamp is 2023-01-08T20:34:26+0200
2023-01-08 18:34:26,944 - Dorinel.Zeus.BAT 79
2023-01-08 18:34:26,944 - Dorinel.Zeus.HUMID 71
2023-01-08 18:34:26,945 - Dorinel.Zeus.TMP 16.4
2023-01-08 18:34:26,945 - Dorinel.Zeus.timestamp 2023-01-08T20:34:26+0200
2023-01-08 18:34:27,944 - Received a message by topic Dorinel/RPi_3
2023-01-08 18:34:27,945 - Data timestamp is NOW
2023-01-08 18:34:27,946 - Dorinel.RPi_3.BAT 54
2023-01-08 18:34:27,947 - Dorinel.RPi_3.HUMID 33
2023-01-08 18:34:27,947 - Dorinel.RPi_3.TMP 21.4
2023-01-08 18:34:28,947 - Received a message by topic UPB/RPi_1
2023-01-08 18:34:28,947 - Data timestamp is NOW
2023-01-08 18:34:28,947 - UPB.RPi_1.BAT 14
2023-01-08 18:34:28,947 - UPB.RPi_1.HUMID 57
2023-01-08 18:34:28,947 - UPB.RPi_1.TMP 19.1
2023-01-08 18:34:29,948 - Received a message by topic Dorinel/RPi_1
2023-01-08 18:34:29,949 - Data timestamp is NOW
2023-01-08 18:34:29,949 - Dorinel.RPi_1.BAT 26
2023-01-08 18:34:29,949 - Dorinel.RPi_1.HUMID 69
2023-01-08 18:34:29,949 - Dorinel.RPi_1.TMP 19.9
2023-01-08 18:34:30,950 - Received a message by topic Dorinel/Zeus
2023-01-08 18:34:30,951 - Data timestamp is NOW
2023-01-08 18:34:30,951 - Dorinel.Zeus.BAT 59
2023-01-08 18:34:30,951 - Dorinel.Zeus.HUMID 48
2023-01-08 18:34:30,951 - Dorinel.Zeus.TMP 24.5
2023-01-08 18:34:31,952 - Received a message by topic UPB/RPi_2
2023-01-08 18:34:31,953 - Data timestamp is NOW
2023-01-08 18:34:31,953 - UPB.RPi_2.BAT 7
2023-01-08 18:34:31,953 - UPB.RPi_2.HUMID 35
2023-01-08 18:34:31,953 - UPB.RPi_2.TMP 25.3
2023-01-08 18:34:32,954 - Received a message by topic Dorinel/RPi_2
2023-01-08 18:34:32,955 - Data timestamp is NOW
2023-01-08 18:34:32,955 - Dorinel.RPi_2.BAT 65
2023-01-08 18:34:32,955 - Dorinel.RPi_2.HUMID 48
2023-01-08 18:34:32,955 - Dorinel.RPi_2.TMP 24.2
2023-01-08 18:34:33,957 - Received a message by topic UPB/Zeus
2023-01-08 18:34:33,958 - Data timestamp is 2023-01-08T20:34:33+0200
2023-01-08 18:34:33,958 - UPB.Zeus.BAT 9
2023-01-08 18:34:33,958 - UPB.Zeus.HUMID 55
2023-01-08 18:34:33,958 - UPB.Zeus.TMP 15.5
2023-01-08 18:34:33,958 - UPB.Zeus.timestamp 2023-01-08T20:34:33+0200
2023-01-08 18:34:34,961 - Received a message by topic Dorinel/RPi_1
2023-01-08 18:34:34,962 - Data timestamp is NOW
2023-01-08 18:34:34,962 - Dorinel.RPi_1.BAT 59
2023-01-08 18:34:34,962 - Dorinel.RPi_1.HUMID 70
2023-01-08 18:34:34,962 - Dorinel.RPi_1.TMP 16.4
2023-01-08 18:34:35,962 - Received a message by topic Dorinel/RPi_1
2023-01-08 18:34:35,963 - Data timestamp is 2023-01-08T20:34:35+0200
2023-01-08 18:34:35,963 - Dorinel.RPi_1.BAT 46
2023-01-08 18:34:35,963 - Dorinel.RPi_1.HUMID 75
2023-01-08 18:34:35,963 - Dorinel.RPi_1.TMP 18.5
2023-01-08 18:34:35,963 - Dorinel.RPi_1.timestamp 2023-01-08T20:34:35+0200
2023-01-08 18:34:36,964 - Received a message by topic UPB/RPi_1
2023-01-08 18:34:36,964 - Data timestamp is NOW
2023-01-08 18:34:36,964 - UPB.RPi_1.BAT 4
2023-01-08 18:34:36,964 - UPB.RPi_1.HUMID 71
2023-01-08 18:34:36,964 - UPB.RPi_1.TMP 23.5
2023-01-08 18:34:37,966 - Received a message by topic Dorinel/Zeus
2023-01-08 18:34:37,966 - Data timestamp is 2023-01-08T20:34:37+0200
2023-01-08 18:34:37,966 - Dorinel.Zeus.BAT 29
2023-01-08 18:34:37,966 - Dorinel.Zeus.HUMID 22
2023-01-08 18:34:37,966 - Dorinel.Zeus.TMP 22.6
2023-01-08 18:34:37,966 - Dorinel.Zeus.timestamp 2023-01-08T20:34:37+0200
2023-01-08 18:34:38,967 - Received a message by topic Dorinel/RPi_2
2023-01-08 18:34:38,967 - Data timestamp is NOW
2023-01-08 18:34:38,967 - Dorinel.RPi_2.BAT 22
2023-01-08 18:34:38,967 - Dorinel.RPi_2.HUMID 41
2023-01-08 18:34:38,967 - Dorinel.RPi_2.TMP 22.8
2023-01-08 18:34:39,972 - Received a message by topic Dorinel/Zeus
2023-01-08 18:34:39,972 - Data timestamp is NOW
2023-01-08 18:34:39,972 - Dorinel.Zeus.BAT 29
2023-01-08 18:34:39,972 - Dorinel.Zeus.HUMID 64
2023-01-08 18:34:39,973 - Dorinel.Zeus.TMP 19.7
2023-01-08 18:34:40,974 - Received a message by topic Dorinel/RPi_2
2023-01-08 18:34:40,974 - Data timestamp is 2023-01-08T20:34:40+0200
2023-01-08 18:34:40,974 - Dorinel.RPi_2.BAT 65
2023-01-08 18:34:40,974 - Dorinel.RPi_2.HUMID 27
2023-01-08 18:34:40,974 - Dorinel.RPi_2.TMP 23.7
2023-01-08 18:34:40,974 - Dorinel.RPi_2.timestamp 2023-01-08T20:34:40+0200
